c:\users\woochan\documents\gps\parse_from_serial\debug\parse_from_serial.pch
c:\users\woochan\documents\gps\parse_from_serial\debug\vc141.pdb
c:\users\woochan\documents\gps\parse_from_serial\debug\vc141.idb
c:\users\woochan\documents\gps\parse_from_serial\debug\stdafx.obj
c:\users\woochan\documents\gps\parse_from_serial\debug\parsefromserial.obj
c:\users\woochan\documents\gps\debug\parse_from_serial.exe
c:\users\woochan\documents\gps\debug\parse_from_serial.ilk
c:\users\woochan\documents\gps\debug\parse_from_serial.pdb
c:\users\woochan\dropbox\gps\parse_from_serial\debug\parsefromserial.obj
c:\users\woochan\dropbox\gps\parse_from_serial\debug\stdafx.obj
c:\users\woochan\dropbox\gps\parse_from_serial\debug\parse_from_serial.pch
c:\users\woochan\dropbox\gps\parse_from_serial\debug\vc141.idb
c:\users\woochan\dropbox\gps\parse_from_serial\debug\vc141.pdb
c:\users\woochan\dropbox\gps\debug\parse_from_serial.pdb
c:\users\woochan\dropbox\gps\debug\parse_from_serial.exe
c:\users\woochan\dropbox\gps\debug\parse_from_serial.ilk
c:\users\woochan\dropbox\gps\parse_from_serial\debug\parse_fr.3179605f.tlog\cl.command.1.tlog
c:\users\woochan\dropbox\gps\parse_from_serial\debug\parse_fr.3179605f.tlog\cl.read.1.tlog
c:\users\woochan\dropbox\gps\parse_from_serial\debug\parse_fr.3179605f.tlog\cl.write.1.tlog
c:\users\woochan\dropbox\gps\parse_from_serial\debug\parse_fr.3179605f.tlog\link.command.1.tlog
c:\users\woochan\dropbox\gps\parse_from_serial\debug\parse_fr.3179605f.tlog\link.read.1.tlog
c:\users\woochan\dropbox\gps\parse_from_serial\debug\parse_fr.3179605f.tlog\link.write.1.tlog
