c:\users\woochan\documents\gps\ublox_parser\debug\ublox_parser.pch
c:\users\woochan\documents\gps\ublox_parser\debug\vc141.pdb
c:\users\woochan\documents\gps\ublox_parser\debug\vc141.idb
c:\users\woochan\documents\gps\ublox_parser\debug\stdafx.obj
c:\users\woochan\documents\gps\ublox_parser\debug\ubloxparser.obj
c:\users\woochan\documents\gps\debug\ublox_parser.exe
c:\users\woochan\documents\gps\debug\ublox_parser.ilk
c:\users\woochan\documents\gps\debug\ublox_parser.pdb
c:\users\woochan\dropbox\gps\ublox_parser\debug\stdafx.obj
c:\users\woochan\dropbox\gps\ublox_parser\debug\ubloxparser.obj
c:\users\woochan\dropbox\gps\ublox_parser\debug\ublox_parser.pch
c:\users\woochan\dropbox\gps\ublox_parser\debug\vc141.idb
c:\users\woochan\dropbox\gps\ublox_parser\debug\vc141.pdb
c:\users\woochan\dropbox\gps\debug\ublox_parser.pdb
c:\users\woochan\dropbox\gps\debug\ublox_parser.exe
c:\users\woochan\dropbox\gps\debug\ublox_parser.ilk
c:\users\woochan\dropbox\gps\ublox_parser\debug\ublox_parser.tlog\cl.command.1.tlog
c:\users\woochan\dropbox\gps\ublox_parser\debug\ublox_parser.tlog\cl.read.1.tlog
c:\users\woochan\dropbox\gps\ublox_parser\debug\ublox_parser.tlog\cl.write.1.tlog
c:\users\woochan\dropbox\gps\ublox_parser\debug\ublox_parser.tlog\link.command.1.tlog
c:\users\woochan\dropbox\gps\ublox_parser\debug\ublox_parser.tlog\link.read.1.tlog
c:\users\woochan\dropbox\gps\ublox_parser\debug\ublox_parser.tlog\link.write.1.tlog
