c:\users\woochan\documents\visual studio 2013\projects\gps\getserial\debug\vc141.pdb
c:\users\woochan\documents\visual studio 2013\projects\gps\getserial\debug\vc141.idb
c:\users\woochan\documents\visual studio 2013\projects\gps\getserial\debug\getserial.obj
c:\users\woochan\documents\gps\getserial\debug\vc141.pdb
c:\users\woochan\documents\gps\getserial\debug\vc141.idb
c:\users\woochan\documents\gps\getserial\debug\getserial.obj
c:\users\woochan\documents\visual studio 2013\projects\gps\debug\getserial.exe
c:\users\woochan\documents\visual studio 2013\projects\gps\debug\getserial.ilk
c:\users\woochan\documents\visual studio 2013\projects\gps\debug\getserial.pdb
c:\users\woochan\documents\gps\debug\getserial.ilk
c:\users\woochan\documents\gps\debug\getserial.exe
c:\users\woochan\documents\gps\debug\getserial.pdb
c:\users\woochan\dropbox\gps\getserial\debug\getserial.obj
c:\users\woochan\dropbox\gps\getserial\debug\vc141.idb
c:\users\woochan\dropbox\gps\getserial\debug\vc141.pdb
c:\users\woochan\dropbox\gps\debug\getserial.pdb
c:\users\woochan\dropbox\gps\debug\getserial.exe
c:\users\woochan\dropbox\gps\debug\getserial.ilk
c:\users\woochan\dropbox\gps\getserial\debug\getserial.tlog\cl.command.1.tlog
c:\users\woochan\dropbox\gps\getserial\debug\getserial.tlog\cl.read.1.tlog
c:\users\woochan\dropbox\gps\getserial\debug\getserial.tlog\cl.write.1.tlog
c:\users\woochan\dropbox\gps\getserial\debug\getserial.tlog\link.command.1.tlog
c:\users\woochan\dropbox\gps\getserial\debug\getserial.tlog\link.read.1.tlog
c:\users\woochan\dropbox\gps\getserial\debug\getserial.tlog\link.write.1.tlog
